<?xml version="1.0" encoding="UTF-8"?>
<!-- Generated by org.testng.reporters.JUnitXMLReporter -->
<testsuite ignored="0" hostname="DESKTOP-VJ6R788" failures="1" tests="12" name="actiTIME Test Cases" time="193.159" errors="0" timestamp="2023-05-19T14:48:29 IST">
  <testcase classname="com.testcases.LoginTest" name="loginTitleTest" time="0.032"/>
  <testcase classname="com.testcases.LoginTest" name="loginTest" time="0.407"/>
  <testcase classname="com.testcases.HomeTest" name="verifyPageTitleTest" time="0.011"/>
  <testcase classname="com.testcases.HomeTest" name="verifyUserNameTest" time="3.563"/>
  <testcase classname="com.testcases.HomeTest" name="verifyTasksLinkTest" time="6.661"/>
  <testcase classname="com.testcases.HomeTest" name="verifyReportsLinkTest" time="8.339"/>
  <testcase classname="com.testcases.HomeTest" name="verifyUsersLinkTest" time="7.332"/>
  <testcase classname="com.testcases.HomeTest" name="verifyScheduleLinkTest" time="12.923"/>
  <testcase classname="com.testcases.HomeTest" name="clickOnApproveTimeTrackLinkTest" time="6.909"/>
  <testcase classname="com.testcases.UsersTest" name="verifyUsersPageTitleTest" time="0.015"/>
  <testcase classname="com.testcases.ApproveTimeTrackTest" name="verifyTitleLabel" time="0.052"/>
  <testcase classname="com.testcases.ApproveTimeTrackTest" name="selectTimeStatusTest" time="20.125">
    <failure type="org.openqa.selenium.ElementNotInteractableException" message="element not interactable
  (Session info: chrome=113.0.5672.127)
Build info: version: &amp;apos;4.9.1&amp;apos;, revision: &amp;apos;eb2032df7f&amp;apos;
System info: os.name: &amp;apos;Windows 10&amp;apos;, os.arch: &amp;apos;amd64&amp;apos;, os.version: &amp;apos;10.0&amp;apos;, java.version: &amp;apos;16.0.1&amp;apos;
Driver info: org.openqa.selenium.chrome.ChromeDriver
Command: [3ced19146d3bf9da747aa2e0ef3fe3b7, clickElement {id=9597c28c-9969-4170-8dd3-a917132ee254}]
Capabilities {acceptInsecureCerts: false, browserName: chrome, browserVersion: 113.0.5672.127, chrome: {chromedriverVersion: 112.0.5615.49 (bd2a7bcb881c..., userDataDir: C:\Users\Lenovo\AppData\Loc...}, goog:chromeOptions: {debuggerAddress: localhost:60603}, networkConnectionEnabled: false, pageLoadStrategy: normal, platformName: windows, proxy: Proxy(), se:cdp: ws://localhost:60603/devtoo..., se:cdpVersion: 113.0.5672.127, setWindowRect: true, strictFileInteractability: false, timeouts: {implicit: 0, pageLoad: 300000, script: 30000}, unhandledPromptBehavior: dismiss and notify, webauthn:extension:credBlob: true, webauthn:extension:largeBlob: true, webauthn:extension:minPinLength: true, webauthn:extension:prf: true, webauthn:virtualAuthenticators: true}
Element: [[ChromeDriver: chrome on windows (3ced19146d3bf9da747aa2e0ef3fe3b7)] -&amp;gt; xpath: //table//input[@type=&amp;apos;checkbox&amp;apos;]]
Session ID: 3ced19146d3bf9da747aa2e0ef3fe3b7">
      <![CDATA[org.openqa.selenium.ElementNotInteractableException: element not interactable
  (Session info: chrome=113.0.5672.127)
Build info: version: '4.9.1', revision: 'eb2032df7f'
System info: os.name: 'Windows 10', os.arch: 'amd64', os.version: '10.0', java.version: '16.0.1'
Driver info: org.openqa.selenium.chrome.ChromeDriver
Command: [3ced19146d3bf9da747aa2e0ef3fe3b7, clickElement {id=9597c28c-9969-4170-8dd3-a917132ee254}]
Capabilities {acceptInsecureCerts: false, browserName: chrome, browserVersion: 113.0.5672.127, chrome: {chromedriverVersion: 112.0.5615.49 (bd2a7bcb881c..., userDataDir: C:\Users\Lenovo\AppData\Loc...}, goog:chromeOptions: {debuggerAddress: localhost:60603}, networkConnectionEnabled: false, pageLoadStrategy: normal, platformName: windows, proxy: Proxy(), se:cdp: ws://localhost:60603/devtoo..., se:cdpVersion: 113.0.5672.127, setWindowRect: true, strictFileInteractability: false, timeouts: {implicit: 0, pageLoad: 300000, script: 30000}, unhandledPromptBehavior: dismiss and notify, webauthn:extension:credBlob: true, webauthn:extension:largeBlob: true, webauthn:extension:minPinLength: true, webauthn:extension:prf: true, webauthn:virtualAuthenticators: true}
Element: [[ChromeDriver: chrome on windows (3ced19146d3bf9da747aa2e0ef3fe3b7)] -> xpath: //table//input[@type='checkbox']]
Session ID: 3ced19146d3bf9da747aa2e0ef3fe3b7
at org.openqa.selenium.remote.codec.w3c.W3CHttpResponseCodec.createException(W3CHttpResponseCodec.java:200)
at org.openqa.selenium.remote.codec.w3c.W3CHttpResponseCodec.decode(W3CHttpResponseCodec.java:133)
at org.openqa.selenium.remote.codec.w3c.W3CHttpResponseCodec.decode(W3CHttpResponseCodec.java:53)
at org.openqa.selenium.remote.HttpCommandExecutor.execute(HttpCommandExecutor.java:193)
at org.openqa.selenium.remote.service.DriverCommandExecutor.invokeExecute(DriverCommandExecutor.java:183)
at org.openqa.selenium.remote.service.DriverCommandExecutor.execute(DriverCommandExecutor.java:158)
at org.openqa.selenium.remote.RemoteWebDriver.execute(RemoteWebDriver.java:543)
at org.openqa.selenium.remote.RemoteWebElement.execute(RemoteWebElement.java:257)
at org.openqa.selenium.remote.RemoteWebElement.click(RemoteWebElement.java:78)
at com.pages.ApproveTimeTrack.selectTimeStatus(ApproveTimeTrack.java:39)
at com.testcases.ApproveTimeTrackTest.selectTimeStatusTest(ApproveTimeTrackTest.java:38)
at java.base/java.util.ArrayList.forEach(ArrayList.java:1511)
... Removed 32 stack frames]]>
    </failure>
  </testcase> <!-- selectTimeStatusTest -->
</testsuite> <!-- actiTIME Test Cases -->
